<?xml version="1.0" encoding="UTF-8"?>
<!-- Generated by org.testng.reporters.JUnitReportReporter -->
<testsuite hostname="DESKTOP-VUKE4F7" name="testClasses.TestAzureCloud" tests="1" failures="0" timestamp="28 Aug 2021 21:40:06 GMT" time="8.470" errors="0">
  <testcase name="testAzureCloud" time="8.470" classname="testClasses.TestAzureCloud"/>
</testsuite> <!-- testClasses.TestAzureCloud -->
